<?xml version="1.0" encoding="UTF-8"?>
<!-- Generated by org.testng.reporters.JUnitReportReporter -->
<testsuite hostname="DESKTOP-IMF1TRO" failures="0" tests="1" name="TestNGpkg.DragnDrop" time="3.879" errors="0" timestamp="2023-02-27T12:31:03 IST" skipped="0">
  <testcase classname="TestNGpkg.DragnDrop" name="test1" time="3.879"/>
  <system-out/>
</testsuite> <!-- TestNGpkg.DragnDrop -->
