<?xml version="1.0" encoding="UTF-8"?>
<!-- Generated by org.testng.reporters.JUnitReportReporter -->
<testsuite hostname="DESKTOP-IMF1TRO" failures="0" tests="2" name="TestNGpkg.Demo1" time="0.176" errors="0" timestamp="2023-02-27T11:46:01 IST" skipped="0">
  <testcase classname="TestNGpkg.Demo1" name="logo" time="0.118"/>
  <system-out/>
  <testcase classname="TestNGpkg.Demo1" name="createbutton" time="0.058"/>
  <system-out/>
</testsuite> <!-- TestNGpkg.Demo1 -->
