<?xml version="1.0" encoding="UTF-8"?>
<!-- Generated by org.testng.reporters.JUnitReportReporter -->
<testsuite hostname="DESKTOP-IMF1TRO" failures="0" tests="1" name="TestNGpkg.Fileupload" time="9.620" errors="0" timestamp="2023-03-08T00:32:03 IST" skipped="0">
  <testcase classname="TestNGpkg.Fileupload" name="fileuploadpgm" time="9.620"/>
  <system-out/>
</testsuite> <!-- TestNGpkg.Fileupload -->
