<?xml version="1.0" encoding="UTF-8"?>
<!-- Generated by org.testng.reporters.JUnitReportReporter -->
<testsuite hostname="DESKTOP-IMF1TRO" failures="0" tests="3" name="TestNGpkg.crossbrowsertest" time="31.890" errors="0" timestamp="2023-03-03T12:46:15 IST" skipped="0">
  <testcase classname="TestNGpkg.crossbrowsertest" name="test1" time="20.242"/>
  <system-out/>
  <testcase classname="TestNGpkg.crossbrowsertest" name="test1" time="4.365"/>
  <system-out/>
  <testcase classname="TestNGpkg.crossbrowsertest" name="test1" time="7.283"/>
  <system-out/>
</testsuite> <!-- TestNGpkg.crossbrowsertest -->
