<?xml version="1.0" encoding="UTF-8"?>
<!-- Generated by org.testng.reporters.JUnitReportReporter -->
<testsuite hostname="DESKTOP-IMF1TRO" failures="0" tests="1" name="TestNGpkg.Testinggrouping" time="0.014" errors="0" timestamp="2023-02-24T12:36:30 IST" skipped="0">
  <testcase classname="TestNGpkg.Testinggrouping" name="test1" time="0.014"/>
  <system-out/>
</testsuite> <!-- TestNGpkg.Testinggrouping -->
