<?xml version="1.0" encoding="UTF-8"?>
<!-- Generated by org.testng.reporters.JUnitReportReporter -->
<testsuite hostname="DESKTOP-IMF1TRO" failures="0" tests="1" name="TestNGpkg.Copypaste" time="0.833" errors="0" timestamp="2023-02-27T12:08:22 IST" skipped="0">
  <testcase classname="TestNGpkg.Copypaste" name="test1" time="0.833"/>
  <system-out/>
</testsuite> <!-- TestNGpkg.Copypaste -->
