<?xml version="1.0" encoding="UTF-8"?>
<!-- Generated by org.testng.reporters.JUnitReportReporter -->
<testsuite hostname="DESKTOP-IMF1TRO" failures="0" tests="1" name="TestNGpkg.Datadriven" time="10.571" errors="0" timestamp="2023-03-07T22:17:11 IST" skipped="0">
  <testcase classname="TestNGpkg.Datadriven" name="test" time="10.571"/>
  <system-out/>
</testsuite> <!-- TestNGpkg.Datadriven -->
