<?xml version="1.0" encoding="UTF-8"?>
<!-- Generated by org.testng.reporters.JUnitReportReporter -->
<testsuite hostname="DESKTOP-IMF1TRO" failures="0" tests="1" name="TestNGpkg.ebay" time="0.226" errors="0" timestamp="2023-03-02T11:39:47 IST" skipped="0">
  <testcase classname="TestNGpkg.ebay" name="test1" time="0.226"/>
  <system-out/>
</testsuite> <!-- TestNGpkg.ebay -->
