<?xml version="1.0" encoding="UTF-8"?>
<!-- Generated by org.testng.reporters.JUnitReportReporter -->
<testsuite hostname="DESKTOP-IMF1TRO" failures="0" tests="1" name="TestNGpkg.Parametertest" time="0.018" errors="0" timestamp="2023-03-03T11:22:31 IST" skipped="0">
  <testcase classname="TestNGpkg.Parametertest" name="test1" time="0.018"/>
  <system-out/>
</testsuite> <!-- TestNGpkg.Parametertest -->
